|SourceProjectName:TPubTemp.pss
|DestinationProjectName:index.html
TPubTemp.hhc
TPubTemp.hhk
Ncore_3_Online_Documentation\Get_Started\Flex_Licensing_Manager\Flex_Licensing_Manager.htm
Ncore_3_Online_Documentation\Get_Started\Flex_Licensing_Manager\Maestro_Licensing.htm
Ncore_3_Online_Documentation\Get_Started\Getting_Started\Getting_Started.htm
Ncore_3_Online_Documentation\Get_Started\Getting_Started\Installing_Maestro.htm
Ncore_3_Online_Documentation\Get_Started\Getting_Started\Maestro_Feature_Set.htm
Ncore_3_Online_Documentation\Get_Started\Getting_Started\Maestro_System_Requirements.htm
Ncore_3_Online_Documentation\Get_Started\Getting_Started\Obtaining_Maestro.htm
Ncore_3_Online_Documentation\Get_Started\Getting_Started\Starting_Maestro_and_Command-line_Options.htm
Ncore_3_Online_Documentation\Integration_Guide\EmbedMem\Embedded_Memories.htm
Ncore_3_Online_Documentation\Integration_Guide\EmbedMem\EmbedMem.htm
Ncore_3_Online_Documentation\Integration_Guide\EmbedMem\Replication.htm
Ncore_3_Online_Documentation\Integration_Guide\EmbedMem\RTL_Prefixing.htm
Ncore_3_Online_Documentation\Integration_Guide\EmbedMem\SRAM_Test_Signals.htm
Ncore_3_Online_Documentation\Integration_Guide\ExtTimingReq\APB4_Interface_Support.htm
Ncore_3_Online_Documentation\Integration_Guide\ExtTimingReq\ExtTimingReq.htm
Ncore_3_Online_Documentation\Integration_Guide\ExtTimingReq\Integrating_Asynchronous_Interfaces.htm
Ncore_3_Online_Documentation\Integration_Guide\ExtTimingReq\Integrating_Synchronous_Interfaces.htm
Ncore_3_Online_Documentation\Integration_Guide\ExtTimingReq\Interface_Timing.htm
Ncore_3_Online_Documentation\Integration_Guide\Intro\Intro.htm
Ncore_3_Online_Documentation\Integration_Guide\IP_XACT\IP_XACT.htm
Ncore_3_Online_Documentation\Integration_Guide\IP_XACT\The_directory_output__47_doc_and_Documentation.htm
Ncore_3_Online_Documentation\Integration_Guide\IP_XACT\The_directory_output__47_IPXACT_and_IP-XACT.htm
Ncore_3_Online_Documentation\Integration_Guide\IP_XACT\The_directory_output__47_models.htm
Ncore_3_Online_Documentation\Integration_Guide\IP_XACT\The_directory_output__47_rtl_and_the_Design_Verilog.htm
Ncore_3_Online_Documentation\Integration_Guide\IP_XACT\The_directory_output__47_setup.htm
Ncore_3_Online_Documentation\Integration_Guide\IP_XACT\The_directory_output__47_simulation.htm
Ncore_3_Online_Documentation\Integration_Guide\IP_XACT\The_directory_output__47_synthesis.htm
Ncore_3_Online_Documentation\Integration_Guide\IP_XACT\The_directory_output__47_tb.htm
Ncore_3_Online_Documentation\Integration_Guide\LogicSynthesis\Cadence_Genus.htm
Ncore_3_Online_Documentation\Integration_Guide\LogicSynthesis\Global_Synthesis_Options.htm
Ncore_3_Online_Documentation\Integration_Guide\LogicSynthesis\LogicSynthesis.htm
Ncore_3_Online_Documentation\Integration_Guide\LogicSynthesis\Synopsys_RTLA.htm
Ncore_3_Online_Documentation\Integration_Guide\Replication\CDC_Considerations.htm
Ncore_3_Online_Documentation\Integration_Guide\Replication\Physical_Implementation_Considerations.htm
Ncore_3_Online_Documentation\Integration_Guide\Replication\RDC_Considerations.htm
Ncore_3_Online_Documentation\Integration_Guide\Replication\Replication.htm
Ncore_3_Online_Documentation\Integration_Guide\Replication\Timing_Constraints.htm
Ncore_3_Online_Documentation\Integration_Guide\Simulation\Example_Testbench_Files.htm
Ncore_3_Online_Documentation\Integration_Guide\Simulation\Example_Testbench_Set-up.htm
Ncore_3_Online_Documentation\Integration_Guide\Simulation\Individual_Test_Descriptions.htm
Ncore_3_Online_Documentation\Integration_Guide\Simulation\Model_Structure.htm
Ncore_3_Online_Documentation\Integration_Guide\Simulation\Simulation.htm
Ncore_3_Online_Documentation\Integration_Guide\Simulation\Test_Output.htm
Ncore_3_Online_Documentation\Integration_Guide\Simulation\Using_the_Example_Testbench.htm
Ncore_3_Online_Documentation\Reference_Guide\Appendix\Appendix.htm
Ncore_3_Online_Documentation\Reference_Guide\Appendix\PCIe_Producer_consumer_example_scenario.htm
Ncore_3_Online_Documentation\Reference_Guide\Appendix\System_Address_Map.htm
Ncore_3_Online_Documentation\Reference_Guide\Intro\Intro.htm
Ncore_3_Online_Documentation\Reference_Guide\Intro\System_Overview.htm
Ncore_3_Online_Documentation\Reference_Guide\Intro\Terminology.htm
Ncore_3_Online_Documentation\Reference_Guide\Protocols_and_Interfaces\Cache_Coherency_Protocol.htm
Ncore_3_Online_Documentation\Reference_Guide\Protocols_and_Interfaces\Protocols_and_Interfaces.htm
Ncore_3_Online_Documentation\Reference_Guide\Protocols_and_Interfaces\Supported_Protocols.htm
Ncore_3_Online_Documentation\Reference_Guide\Resiliency\Functional_Safety_Elements_Description.htm
Ncore_3_Online_Documentation\Reference_Guide\Resiliency\Functional_Safety_Overview.htm
Ncore_3_Online_Documentation\Reference_Guide\Resiliency\Resiliency.htm
Ncore_3_Online_Documentation\Reference_Guide\SysSoftwareGuide\Q_channel_clock_gating_sequence.htm
Ncore_3_Online_Documentation\Reference_Guide\SysSoftwareGuide\Reset_and_Initialization.htm
Ncore_3_Online_Documentation\Reference_Guide\SysSoftwareGuide\SysSoftwareGuide.htm
Ncore_3_Online_Documentation\Reference_Guide\System_Attributes\Addressing_and_Memory_Regions.htm
Ncore_3_Online_Documentation\Reference_Guide\System_Attributes\Caches.htm
Ncore_3_Online_Documentation\Reference_Guide\System_Attributes\Credits_and_Resources.htm
Ncore_3_Online_Documentation\Reference_Guide\System_Attributes\Debug_and_Trace.htm
Ncore_3_Online_Documentation\Reference_Guide\System_Attributes\Error_Management.htm
Ncore_3_Online_Documentation\Reference_Guide\System_Attributes\NCAIUs.htm
Ncore_3_Online_Documentation\Reference_Guide\System_Attributes\Performance_Counters.htm
Ncore_3_Online_Documentation\Reference_Guide\System_Attributes\Power_Management.htm
Ncore_3_Online_Documentation\Reference_Guide\System_Attributes\Snoop_Filters.htm
Ncore_3_Online_Documentation\Reference_Guide\System_Attributes\Storage_Protection.htm
Ncore_3_Online_Documentation\Reference_Guide\System_Attributes\System_Attributes.htm
Ncore_3_Online_Documentation\Reference_Guide\System_Attributes\Transport_Interconnect.htm
Ncore_3_Online_Documentation\User_Guide\Export\Export.htm
Ncore_3_Online_Documentation\User_Guide\Export\Export_a_Design.htm
Ncore_3_Online_Documentation\User_Guide\Glossary\Glossary.htm
Ncore_3_Online_Documentation\User_Guide\Graphical_User_Interface\Additional_UI_Features.htm
Ncore_3_Online_Documentation\User_Guide\Graphical_User_Interface\Graphical_User_Interface.htm
Ncore_3_Online_Documentation\User_Guide\Graphical_User_Interface\Horizontal_Toolbar.htm
Ncore_3_Online_Documentation\User_Guide\Graphical_User_Interface\Maestro_Menus_and_Shortcuts.htm
Ncore_3_Online_Documentation\User_Guide\Graphical_User_Interface\Maestro_Panes.htm
Ncore_3_Online_Documentation\User_Guide\Graphical_User_Interface\The_Maestro_Workspace.htm
Ncore_3_Online_Documentation\User_Guide\Graphical_User_Interface\Topology_Editor_Toolbar.htm
Ncore_3_Online_Documentation\User_Guide\Introduction_to_Ncore\Design_Configuration_Workflow.htm
Ncore_3_Online_Documentation\User_Guide\Introduction_to_Ncore\Features.htm
Ncore_3_Online_Documentation\User_Guide\Introduction_to_Ncore\Introduction_to_Ncore.htm
Ncore_3_Online_Documentation\User_Guide\Introduction_to_Ncore\The_Project_File.htm
Ncore_3_Online_Documentation\User_Guide\Maestro_Demo_Design\Introduction.htm
Ncore_3_Online_Documentation\User_Guide\Maestro_Demo_Design\Maestro_Demo_Design.htm
Ncore_3_Online_Documentation\User_Guide\Maestro_Demo_Design\Phase_1_-_SoC_(Chip)_Specification.htm
Ncore_3_Online_Documentation\User_Guide\Maestro_Demo_Design\Phase_2_-_System_Assembly.htm
Ncore_3_Online_Documentation\User_Guide\Maestro_Demo_Design\Phase_3_-_Structural_Design_(Architecture).htm
Ncore_3_Online_Documentation\User_Guide\Maestro_Demo_Design\Phase_4_-_Refinement.htm
Ncore_3_Online_Documentation\User_Guide\Maestro_Demo_Design\Phase_5_-_Export.htm
Ncore_3_Online_Documentation\User_Guide\Maestro_Demo_Design\Topology_Editing_Exercise.htm
Ncore_3_Online_Documentation\User_Guide\Mapping\Mapping.htm
Ncore_3_Online_Documentation\User_Guide\Mapping\Run_the_Mapping_Tool.htm
Ncore_3_Online_Documentation\User_Guide\Parameters\Parameters.htm
Ncore_3_Online_Documentation\User_Guide\Refinement_Architectural_View\Refinement_Architectural_View.htm
Ncore_3_Online_Documentation\User_Guide\Refinement_Architectural_View\Refine_the_Design_Architecture.htm
Ncore_3_Online_Documentation\User_Guide\Refinement_Architectural_View\Topology_Editor_Tools_and_Controls.htm
Ncore_3_Online_Documentation\User_Guide\SOC_Specification\Domains.htm
Ncore_3_Online_Documentation\User_Guide\SOC_Specification\Setting_the_Safety_Configuration.htm
Ncore_3_Online_Documentation\User_Guide\SOC_Specification\SOC_Specification.htm
Ncore_3_Online_Documentation\User_Guide\SOC_Specification\SoC_Specification_Overview.htm
Ncore_3_Online_Documentation\User_Guide\Structural_Design\Automation_Tool_Overview.htm
Ncore_3_Online_Documentation\User_Guide\Structural_Design\Configure_a_Transport_Solution.htm
Ncore_3_Online_Documentation\User_Guide\Structural_Design\Merging_Two_Switches.htm
Ncore_3_Online_Documentation\User_Guide\Structural_Design\Structural_Design.htm
Ncore_3_Online_Documentation\User_Guide\Structural_Design\Topologies.htm
Ncore_3_Online_Documentation\User_Guide\Structural_Design\Using_the_Topology_Editor.htm
Ncore_3_Online_Documentation\User_Guide\System_Assembly\DMI_Interleaving_Procedure.htm
Ncore_3_Online_Documentation\User_Guide\System_Assembly\Memory_Map.htm
Ncore_3_Online_Documentation\User_Guide\System_Assembly\Socket_Configuration_Procedures.htm
Ncore_3_Online_Documentation\User_Guide\System_Assembly\System_Assembly.htm
Ncore_3_Online_Documentation\User_Guide\System_Assembly\System_Assembly_Socket_Overview.htm
Ncore_3_Online_Documentation\User_Guide\System_Assembly\System_Assembly__47_Communication.htm
Ncore_3_Online_Documentation\Welcome\Welcome.htm
TPubTemp.glo
template\Charcoal_GreyResponsive_HTML5\andsearch_mark.png
template\Charcoal_GreyResponsive_HTML5\andsearch_nomark.png
template\Charcoal_GreyResponsive_HTML5\back_mobile_filter.png
template\Charcoal_GreyResponsive_HTML5\back_to_topic.png
template\Charcoal_GreyResponsive_HTML5\filter_clearall.png
template\Charcoal_GreyResponsive_HTML5\filter_desktop.png
template\Charcoal_GreyResponsive_HTML5\filter_desktop_applied.png
template\Charcoal_GreyResponsive_HTML5\filter_desktop_applied_active.png
template\Charcoal_GreyResponsive_HTML5\filter_mark.png
template\Charcoal_GreyResponsive_HTML5\filter_mark_radio.png
template\Charcoal_GreyResponsive_HTML5\filter_mobile.png
template\Charcoal_GreyResponsive_HTML5\filter_mobile_active.png
template\Charcoal_GreyResponsive_HTML5\filter_mobile_applied.png
template\Charcoal_GreyResponsive_HTML5\filter_mobile_applied_active.png
template\Charcoal_GreyResponsive_HTML5\filter_nomark.png
template\Charcoal_GreyResponsive_HTML5\filter_nomark_radio.png
template\Charcoal_GreyResponsive_HTML5\filter_tab.png
template\Charcoal_GreyResponsive_HTML5\filter_tab_active.png
template\Charcoal_GreyResponsive_HTML5\filter_tab_applied.png
template\Charcoal_GreyResponsive_HTML5\filter_tab_applied_active.png
template\Charcoal_GreyResponsive_HTML5\filter_tab_group.png
template\Charcoal_GreyResponsive_HTML5\glossary_desktop.png
template\Charcoal_GreyResponsive_HTML5\glossary_mobile.png
template\Charcoal_GreyResponsive_HTML5\glossary_mobile_active.png
template\Charcoal_GreyResponsive_HTML5\glossary_tab.png
template\Charcoal_GreyResponsive_HTML5\glossary_tab_active.png
template\Charcoal_GreyResponsive_HTML5\idx_topic.png
template\Charcoal_GreyResponsive_HTML5\index.png
template\Charcoal_GreyResponsive_HTML5\index_desktop.png
template\Charcoal_GreyResponsive_HTML5\index_mobile.png
template\Charcoal_GreyResponsive_HTML5\index_mobile_active.png
template\Charcoal_GreyResponsive_HTML5\index_tab.png
template\Charcoal_GreyResponsive_HTML5\index_tab_active.png
template\Charcoal_GreyResponsive_HTML5\layout.css
template\Charcoal_GreyResponsive_HTML5\loading.gif
template\Charcoal_GreyResponsive_HTML5\logo.png
template\Charcoal_GreyResponsive_HTML5\next.png
template\Charcoal_GreyResponsive_HTML5\next_active.png
template\Charcoal_GreyResponsive_HTML5\next_mobile.png
template\Charcoal_GreyResponsive_HTML5\next_mobile_active.png
template\Charcoal_GreyResponsive_HTML5\next_tab.png
template\Charcoal_GreyResponsive_HTML5\next_tab_active.png
template\Charcoal_GreyResponsive_HTML5\previous.png
template\Charcoal_GreyResponsive_HTML5\previous_active.png
template\Charcoal_GreyResponsive_HTML5\previous_mobile.png
template\Charcoal_GreyResponsive_HTML5\previous_mobile_active.png
template\Charcoal_GreyResponsive_HTML5\previous_tab.png
template\Charcoal_GreyResponsive_HTML5\previous_tab_active.png
template\Charcoal_GreyResponsive_HTML5\print_desktop.png
template\Charcoal_GreyResponsive_HTML5\remove-active.png
template\Charcoal_GreyResponsive_HTML5\remove.png
template\Charcoal_GreyResponsive_HTML5\search_desktop.png
template\Charcoal_GreyResponsive_HTML5\search_desktop_active.png
template\Charcoal_GreyResponsive_HTML5\search_desktop_navigation.png
template\Charcoal_GreyResponsive_HTML5\search_mobile.png
template\Charcoal_GreyResponsive_HTML5\search_mobile_active.png
template\Charcoal_GreyResponsive_HTML5\search_mobile_navigation.png
template\Charcoal_GreyResponsive_HTML5\search_mobile_navigation_active.png
template\Charcoal_GreyResponsive_HTML5\search_tab.png
template\Charcoal_GreyResponsive_HTML5\search_tab_active.png
template\Charcoal_GreyResponsive_HTML5\slider_ltr.png
template\Charcoal_GreyResponsive_HTML5\slider_open_ltr.png
template\Charcoal_GreyResponsive_HTML5\slider_open_rtl.png
template\Charcoal_GreyResponsive_HTML5\slider_rtl.png
template\Charcoal_GreyResponsive_HTML5\social_close_ltr.png
template\Charcoal_GreyResponsive_HTML5\social_close_rtl.png
template\Charcoal_GreyResponsive_HTML5\social_open.png
template\Charcoal_GreyResponsive_HTML5\toc_book_closed_desktop_ltr.png
template\Charcoal_GreyResponsive_HTML5\toc_book_closed_desktop_rtl.png
template\Charcoal_GreyResponsive_HTML5\toc_book_closed_mobile_ltr.png
template\Charcoal_GreyResponsive_HTML5\toc_book_closed_mobile_rtl.png
template\Charcoal_GreyResponsive_HTML5\toc_book_open_desktop.png
template\Charcoal_GreyResponsive_HTML5\toc_book_open_drildown.png
template\Charcoal_GreyResponsive_HTML5\toc_book_open_mobile.png
template\Charcoal_GreyResponsive_HTML5\toc_desktop.png
template\Charcoal_GreyResponsive_HTML5\toc_desktop_active.png
template\Charcoal_GreyResponsive_HTML5\toc_link_desktop_ltr.png
template\Charcoal_GreyResponsive_HTML5\toc_link_desktop_rtl.png
template\Charcoal_GreyResponsive_HTML5\toc_link_mobile_ltr.png
template\Charcoal_GreyResponsive_HTML5\toc_link_mobile_rtl.png
template\Charcoal_GreyResponsive_HTML5\toc_mobile.png
template\Charcoal_GreyResponsive_HTML5\toc_mobile_active.png
template\Charcoal_GreyResponsive_HTML5\toc_tab.png
template\Charcoal_GreyResponsive_HTML5\toc_tab_active.png
template\Charcoal_GreyResponsive_HTML5\toc_topic_desktop.png
template\Charcoal_GreyResponsive_HTML5\toc_topic_mobile.png
template\Charcoal_GreyResponsive_HTML5\top.png
template\Charcoal_GreyResponsive_HTML5\Topic.slp
template\Charcoal_GreyResponsive_HTML5\usersettings.js
rhstylemapping.css
Ncore_3_Online_Documentation\Get_Started\Get_Started.css
editstyle.css
Ncore_3_Online_Documentation\Integration_Guide\Integration_Guide.css
Ncore_3_Online_Documentation\Reference_Guide\Reference_Guide.css
Ncore_3_Online_Documentation\User_Guide\User_Guide.css
Ncore_3_Online_Documentation\Ncore_3_Online_Documentation.css
Ncore_3_Online_Documentation\Integration_Guide\assets\Read_timing.png
Ncore_3_Online_Documentation\Integration_Guide\assets\Write_timing.png
Ncore_3_Online_Documentation\Integration_Guide\assets\Integration_Guide_EmbedMem_image7.png
Ncore_3_Online_Documentation\Integration_Guide\assets\replication-1.jpg
Ncore_3_Online_Documentation\Integration_Guide\assets\replication-2.jpg
Ncore_3_Online_Documentation\Integration_Guide\assets\replication-3.jpg
Ncore_3_Online_Documentation\Integration_Guide\assets\replication-4.jpg
Ncore_3_Online_Documentation\Integration_Guide\assets\sram.jpg
Ncore_3_Online_Documentation\Integration_Guide\assets\sram2.png
Ncore_3_Online_Documentation\Integration_Guide\assets\Integration_Guide_IP_XACT_FOM_SVG_20.svg
Ncore_3_Online_Documentation\Integration_Guide\assets\Integration_Guide_IP_XACT_image22.png
Ncore_3_Online_Documentation\Integration_Guide\assets\Integration_Guide_IP_XACT_FOM_SVG_23.svg
Ncore_3_Online_Documentation\Integration_Guide\assets\synthesis_setttings2.png
Ncore_3_Online_Documentation\Integration_Guide\assets\mods_separate_clock.jpg
Ncore_3_Online_Documentation\Integration_Guide\assets\testbench_block_1.jpg
Ncore_3_Online_Documentation\Reference_Guide\assets\Ordered_Write.jpg
Ncore_3_Online_Documentation\Reference_Guide\assets\Address_GPRAS_new2.jpg
Ncore_3_Online_Documentation\Reference_Guide\assets\Address_Sapce_Example.jpg
Ncore_3_Online_Documentation\Reference_Guide\assets\Address_translation.jpg
Ncore_3_Online_Documentation\Reference_Guide\assets\100052_001.jpg
Ncore_3_Online_Documentation\Reference_Guide\assets\100052_002.jpg
Ncore_3_Online_Documentation\Reference_Guide\assets\100052_003.jpg
Ncore_3_Online_Documentation\Reference_Guide\assets\100052_004.jpg
Ncore_3_Online_Documentation\Reference_Guide\assets\100052_005.jpg
Ncore_3_Online_Documentation\Reference_Guide\assets\Non-coherent_flow_FOM_SVG_363.svg
Ncore_3_Online_Documentation\Reference_Guide\assets\Non-coherent_flow.jpg
Ncore_3_Online_Documentation\Reference_Guide\assets\qos_editor.jpg
Ncore_3_Online_Documentation\Reference_Guide\assets\100052_012.jpg
Ncore_3_Online_Documentation\Reference_Guide\assets\100052_011.jpg
Ncore_3_Online_Documentation\Reference_Guide\assets\NSR.png
Ncore_3_Online_Documentation\Reference_Guide\assets\100052_017.jpg
Ncore_3_Online_Documentation\Reference_Guide\assets\100052_006.jpg
Ncore_3_Online_Documentation\Reference_Guide\assets\100052_007.jpg
Ncore_3_Online_Documentation\Reference_Guide\assets\100052_008.jpg
Ncore_3_Online_Documentation\Reference_Guide\assets\100052_009.jpg
Ncore_3_Online_Documentation\Reference_Guide\assets\debugtrace.jpg
Ncore_3_Online_Documentation\Reference_Guide\assets\100009_001.jpg
Ncore_3_Online_Documentation\Reference_Guide\assets\5network_interconnect10.png
Ncore_3_Online_Documentation\Reference_Guide\assets\100052_022.jpg
Ncore_3_Online_Documentation\Reference_Guide\assets\Network_AXI_APB.jpg
Ncore_3_Online_Documentation\User_Guide\assets\tasks_export_37.png
Ncore_3_Online_Documentation\User_Guide\assets\settings_general36.png
Ncore_3_Online_Documentation\User_Guide\assets\topo_editor_settings37.png
Ncore_3_Online_Documentation\User_Guide\assets\User_Guide_Graphical_User_Interface_FOM_SVG_50.svg
Ncore_3_Online_Documentation\User_Guide\assets\horiz_37.png
Ncore_3_Online_Documentation\User_Guide\assets\34toolbar_new.png
Ncore_3_Online_Documentation\User_Guide\assets\OpenProjectTool.png
Ncore_3_Online_Documentation\User_Guide\assets\MaestroToolbar_1_FOM_SVG_56.svg
Ncore_3_Online_Documentation\User_Guide\assets\MaestroToolbar_1.jpg
Ncore_3_Online_Documentation\User_Guide\assets\MaestroToolbar_1_FOM_SVG_58.svg
Ncore_3_Online_Documentation\User_Guide\assets\MaestroToolbar_1_FOM_SVG_60.svg
Ncore_3_Online_Documentation\User_Guide\assets\MaestroToolbar_1_FOM_SVG_62.svg
Ncore_3_Online_Documentation\User_Guide\assets\MaestroToolbar_1_FOM_SVG_64.svg
Ncore_3_Online_Documentation\User_Guide\assets\MaestroToolbar_1_FOM_SVG_66.svg
Ncore_3_Online_Documentation\User_Guide\assets\horiz_37_FOM_SVG_68.svg
Ncore_3_Online_Documentation\User_Guide\assets\horiz_37_FOM_SVG_70.svg
Ncore_3_Online_Documentation\User_Guide\assets\34toolbar_flw.png
Ncore_3_Online_Documentation\User_Guide\assets\flow_navigator36_FOM_SVG_74.svg
Ncore_3_Online_Documentation\User_Guide\assets\flow_navigator36.png
Ncore_3_Online_Documentation\User_Guide\assets\m_file_menu-1.png
Ncore_3_Online_Documentation\User_Guide\assets\edit_menu_37.png
Ncore_3_Online_Documentation\User_Guide\assets\menu_window.png
Ncore_3_Online_Documentation\User_Guide\assets\window_menu37.png
Ncore_3_Online_Documentation\User_Guide\assets\m_help_menu-37.png
Ncore_3_Online_Documentation\User_Guide\assets\System_assy-37.png
Ncore_3_Online_Documentation\User_Guide\assets\User_Guide_Graphical_User_Interface_FOM_SVG_78.svg
Ncore_3_Online_Documentation\User_Guide\assets\TL_GFX_PATTERN_0_N_2252821.000000.png
Ncore_3_Online_Documentation\User_Guide\assets\TL_GFX_PATTERN_13_N_2252821.000000.png
Ncore_3_Online_Documentation\User_Guide\assets\project_37.png
Ncore_3_Online_Documentation\User_Guide\assets\User_Guide_Graphical_User_Interface_FOM_SVG_80.svg
Ncore_3_Online_Documentation\User_Guide\assets\param_editor.jpg
Ncore_3_Online_Documentation\User_Guide\assets\tiles_pane.png
Ncore_3_Online_Documentation\User_Guide\assets\tile_check.png
Ncore_3_Online_Documentation\User_Guide\assets\groups_37_FOM_SVG_86.svg
Ncore_3_Online_Documentation\User_Guide\assets\groups_37.png
Ncore_3_Online_Documentation\User_Guide\assets\cos.png
Ncore_3_Online_Documentation\User_Guide\assets\console_37.png
Ncore_3_Online_Documentation\User_Guide\assets\User_Guide_Graphical_User_Interface_FOM_SVG_36.svg
Ncore_3_Online_Documentation\User_Guide\assets\maestro_main37.png
Ncore_3_Online_Documentation\User_Guide\assets\un-dock.jpg
Ncore_3_Online_Documentation\User_Guide\assets\User_Guide_Graphical_User_Interface_FOM_SVG_92.svg
Ncore_3_Online_Documentation\User_Guide\assets\topo_editor37.png
Ncore_3_Online_Documentation\User_Guide\assets\tmenu_togct_FOM_SVG_94.svg
Ncore_3_Online_Documentation\User_Guide\assets\tmenu_togct.png
Ncore_3_Online_Documentation\User_Guide\assets\ToggleRoutesTool.png
Ncore_3_Online_Documentation\User_Guide\assets\tmenu_FOM_SVG_98.svg
Ncore_3_Online_Documentation\User_Guide\assets\tmenu.png
Ncore_3_Online_Documentation\User_Guide\assets\tmenu_FOM_SVG_100.svg
Ncore_3_Online_Documentation\User_Guide\assets\tmenu_FOM_SVG_102.svg
Ncore_3_Online_Documentation\User_Guide\assets\sw_fit.png
Ncore_3_Online_Documentation\User_Guide\assets\tmenu_FOM_SVG_106.svg
Ncore_3_Online_Documentation\User_Guide\assets\tmenu_FOM_SVG_108.svg
Ncore_3_Online_Documentation\User_Guide\assets\tmenu_FOM_SVG_110.svg
Ncore_3_Online_Documentation\User_Guide\assets\tmenu_FOM_SVG_112.svg
Ncore_3_Online_Documentation\User_Guide\assets\tmenu_FOM_SVG_114.svg
Ncore_3_Online_Documentation\User_Guide\assets\tmenu_FOM_SVG_116.svg
Ncore_3_Online_Documentation\User_Guide\assets\tmenu_FOM_SVG_118.svg
Ncore_3_Online_Documentation\User_Guide\assets\tmenu_FOM_SVG_120.svg
Ncore_3_Online_Documentation\User_Guide\assets\tmenu_FOM_SVG_122.svg
Ncore_3_Online_Documentation\User_Guide\assets\unconnect_switch.png
Ncore_3_Online_Documentation\User_Guide\assets\tmenu_FOM_SVG_126.svg
Ncore_3_Online_Documentation\User_Guide\assets\sw_merge.png
Ncore_3_Online_Documentation\User_Guide\assets\tmenu_FOM_SVG_130.svg
Ncore_3_Online_Documentation\User_Guide\assets\topo_editor37_FOM_SVG_132.svg
Ncore_3_Online_Documentation\User_Guide\assets\topo_editor37_FOM_SVG_134.svg
Ncore_3_Online_Documentation\User_Guide\assets\tmenu_FOM_SVG_136.svg
Ncore_3_Online_Documentation\User_Guide\assets\User_Guide_Introduction_to_Ncore_FOM_SVG_32.svg
Ncore_3_Online_Documentation\User_Guide\assets\1000052_015.png
Ncore_3_Online_Documentation\User_Guide\assets\TL_GFX_PATTERN_0_N_655611.000000.png
Ncore_3_Online_Documentation\User_Guide\assets\TL_GFX_PATTERN_0_N_655451.000000.png
Ncore_3_Online_Documentation\User_Guide\assets\des_workflow_37.png
Ncore_3_Online_Documentation\User_Guide\assets\functional_view.jpg
Ncore_3_Online_Documentation\User_Guide\assets\create_project2.png
Ncore_3_Online_Documentation\User_Guide\assets\des2.png
Ncore_3_Online_Documentation\User_Guide\assets\des3.png
Ncore_3_Online_Documentation\User_Guide\assets\des4.png
Ncore_3_Online_Documentation\User_Guide\assets\des5.png
Ncore_3_Online_Documentation\User_Guide\assets\des7.png
Ncore_3_Online_Documentation\User_Guide\assets\des8.png
Ncore_3_Online_Documentation\User_Guide\assets\des9.png
Ncore_3_Online_Documentation\User_Guide\assets\des10.png
Ncore_3_Online_Documentation\User_Guide\assets\des11a.png
Ncore_3_Online_Documentation\User_Guide\assets\des11.png
Ncore_3_Online_Documentation\User_Guide\assets\def_isock.jpg
Ncore_3_Online_Documentation\User_Guide\assets\des13.png
Ncore_3_Online_Documentation\User_Guide\assets\def_isock_0.jpg
Ncore_3_Online_Documentation\User_Guide\assets\socket_from_template_pcie.jpg
Ncore_3_Online_Documentation\User_Guide\assets\des15.png
Ncore_3_Online_Documentation\User_Guide\assets\des16.png
Ncore_3_Online_Documentation\User_Guide\assets\des17.png
Ncore_3_Online_Documentation\User_Guide\assets\des18.png
Ncore_3_Online_Documentation\User_Guide\assets\des19.png
Ncore_3_Online_Documentation\User_Guide\assets\des20.png
Ncore_3_Online_Documentation\User_Guide\assets\des21.png
Ncore_3_Online_Documentation\User_Guide\assets\des23.png
Ncore_3_Online_Documentation\User_Guide\assets\des22.png
Ncore_3_Online_Documentation\User_Guide\assets\des25.png
Ncore_3_Online_Documentation\User_Guide\assets\des26.png
Ncore_3_Online_Documentation\User_Guide\assets\per_routes.jpg
Ncore_3_Online_Documentation\User_Guide\assets\des28.png
Ncore_3_Online_Documentation\User_Guide\assets\des29.png
Ncore_3_Online_Documentation\User_Guide\assets\des30.png
Ncore_3_Online_Documentation\User_Guide\assets\des31.png
Ncore_3_Online_Documentation\User_Guide\assets\des32.png
Ncore_3_Online_Documentation\User_Guide\assets\des34.png
Ncore_3_Online_Documentation\User_Guide\assets\ncore_caches.jpg
Ncore_3_Online_Documentation\User_Guide\assets\des37.png
Ncore_3_Online_Documentation\User_Guide\assets\User_Guide_Maestro_Demo_Design_FOM_SVG_285.svg
Ncore_3_Online_Documentation\User_Guide\assets\TL_GFX_PATTERN_0_N_778261.000000.png
Ncore_3_Online_Documentation\User_Guide\assets\snoop_filters_36.jpg
Ncore_3_Online_Documentation\User_Guide\assets\des39.png
Ncore_3_Online_Documentation\User_Guide\assets\des41.png
Ncore_3_Online_Documentation\User_Guide\assets\des42.png
Ncore_3_Online_Documentation\User_Guide\assets\des45.png
Ncore_3_Online_Documentation\User_Guide\assets\des49.png
Ncore_3_Online_Documentation\User_Guide\assets\des50.png
Ncore_3_Online_Documentation\User_Guide\assets\topimage1.png
Ncore_3_Online_Documentation\User_Guide\assets\topimage2.png
Ncore_3_Online_Documentation\User_Guide\assets\topimage3_FOM_SVG_303.svg
Ncore_3_Online_Documentation\User_Guide\assets\topimage3.gif
Ncore_3_Online_Documentation\User_Guide\assets\topimage5.png
Ncore_3_Online_Documentation\User_Guide\assets\topimage6_FOM_SVG_307.svg
Ncore_3_Online_Documentation\User_Guide\assets\topimage6.png
Ncore_3_Online_Documentation\User_Guide\assets\topimage7.png
Ncore_3_Online_Documentation\User_Guide\assets\topimage8.png
Ncore_3_Online_Documentation\User_Guide\assets\topimage9_FOM_SVG_313.svg
Ncore_3_Online_Documentation\User_Guide\assets\topimage9.gif
Ncore_3_Online_Documentation\User_Guide\assets\topimage10.png
Ncore_3_Online_Documentation\User_Guide\assets\topimage11_FOM_SVG_317.svg
Ncore_3_Online_Documentation\User_Guide\assets\topimage11.gif
Ncore_3_Online_Documentation\User_Guide\assets\topimage12.png
Ncore_3_Online_Documentation\User_Guide\assets\topimage13_FOM_SVG_321.svg
Ncore_3_Online_Documentation\User_Guide\assets\topimage13.gif
Ncore_3_Online_Documentation\User_Guide\assets\topimage14.png
Ncore_3_Online_Documentation\User_Guide\assets\topimage15.png
Ncore_3_Online_Documentation\User_Guide\assets\topimage16_FOM_SVG_327.svg
Ncore_3_Online_Documentation\User_Guide\assets\topimage16.gif
Ncore_3_Online_Documentation\User_Guide\assets\topimage17_FOM_SVG_329.svg
Ncore_3_Online_Documentation\User_Guide\assets\topimage17.gif
Ncore_3_Online_Documentation\User_Guide\assets\topimage18_FOM_SVG_331.svg
Ncore_3_Online_Documentation\User_Guide\assets\topimage18.gif
Ncore_3_Online_Documentation\User_Guide\assets\topimage19_FOM_SVG_333.svg
Ncore_3_Online_Documentation\User_Guide\assets\topimage19.gif
Ncore_3_Online_Documentation\User_Guide\assets\topimage20.png
Ncore_3_Online_Documentation\User_Guide\assets\topimage21.png
Ncore_3_Online_Documentation\User_Guide\assets\topimage22_FOM_SVG_339.svg
Ncore_3_Online_Documentation\User_Guide\assets\topimage22.gif
Ncore_3_Online_Documentation\User_Guide\assets\ConnTableTool.png
Ncore_3_Online_Documentation\User_Guide\assets\topimage24_FOM_SVG_343.svg
Ncore_3_Online_Documentation\User_Guide\assets\topimage24.gif
Ncore_3_Online_Documentation\User_Guide\assets\topimage25_FOM_SVG_345.svg
Ncore_3_Online_Documentation\User_Guide\assets\topimage25.gif
Ncore_3_Online_Documentation\User_Guide\assets\topimage26_FOM_SVG_347.svg
Ncore_3_Online_Documentation\User_Guide\assets\topimage26.gif
Ncore_3_Online_Documentation\User_Guide\assets\topimage27.png
Ncore_3_Online_Documentation\User_Guide\assets\topimage28_FOM_SVG_351.svg
Ncore_3_Online_Documentation\User_Guide\assets\topimage28.gif
Ncore_3_Online_Documentation\User_Guide\assets\tasks_refine_37.png
Ncore_3_Online_Documentation\User_Guide\assets\RoutesTableTool.png
Ncore_3_Online_Documentation\User_Guide\assets\tasks_domain_37.png
Ncore_3_Online_Documentation\User_Guide\assets\100023_101_FOM_SVG_144.svg
Ncore_3_Online_Documentation\User_Guide\assets\100023_101.png
Ncore_3_Online_Documentation\User_Guide\assets\tasks_safety_37.png
Ncore_3_Online_Documentation\User_Guide\assets\User_Guide_SOC_Specification_image149.png
Ncore_3_Online_Documentation\User_Guide\assets\InsertInterfaceTool.png
Ncore_3_Online_Documentation\User_Guide\assets\InserInterface.png
Ncore_3_Online_Documentation\User_Guide\assets\AutomationTool.png
Ncore_3_Online_Documentation\User_Guide\assets\merge_switches_2.png
Ncore_3_Online_Documentation\User_Guide\assets\merge_switches_3.png
Ncore_3_Online_Documentation\User_Guide\assets\merge_switches_6_FOM_SVG_183.svg
Ncore_3_Online_Documentation\User_Guide\assets\merge_switches_6.png
Ncore_3_Online_Documentation\User_Guide\assets\User_Guide_Structural_Design_FOM_SVG_162.svg
Ncore_3_Online_Documentation\User_Guide\assets\tasks_topo-struct_37.png
Ncore_3_Online_Documentation\User_Guide\assets\tasks_topo-struc-1_37.png
Ncore_3_Online_Documentation\User_Guide\assets\User_Guide_Structural_Design_image176.jpg
Ncore_3_Online_Documentation\User_Guide\assets\User_Guide_Structural_Design_image178.jpg
Ncore_3_Online_Documentation\User_Guide\assets\topoedit-1.jpg
Ncore_3_Online_Documentation\User_Guide\assets\topoedit-2.jpg
Ncore_3_Online_Documentation\User_Guide\assets\topoedit-3.jpg
Ncore_3_Online_Documentation\User_Guide\assets\topoedit-4.jpg
Ncore_3_Online_Documentation\User_Guide\assets\topoedit-5.jpg
Ncore_3_Online_Documentation\User_Guide\assets\topoedit-6.jpg
Ncore_3_Online_Documentation\User_Guide\assets\topoedit-7.jpg
Ncore_3_Online_Documentation\User_Guide\assets\topoedit-8.jpg
Ncore_3_Online_Documentation\User_Guide\assets\topoedit-9_FOM_SVG_201.svg
Ncore_3_Online_Documentation\User_Guide\assets\topoedit-9.jpg
Ncore_3_Online_Documentation\User_Guide\assets\topo_insert_a.png
Ncore_3_Online_Documentation\User_Guide\assets\topoedit-11.jpg
Ncore_3_Online_Documentation\User_Guide\assets\MemoryMap-1.png
Ncore_3_Online_Documentation\User_Guide\assets\async_signals_FOM_SVG_154.svg
Ncore_3_Online_Documentation\User_Guide\assets\async_signals.png
Ncore_3_Online_Documentation\User_Guide\assets\ncaui_socket.png
Ncore_3_Online_Documentation\User_Guide\assets\100023-69_FOM_SVG_152.svg
Ncore_3_Online_Documentation\User_Guide\assets\100023-69.png
Ncore_3_Online_Documentation\User_Guide\assets\sk5.png
Ncore_3_Online_Documentation\assets\navigation.png
RoboHHRE.lng
ehlpdhtm.js
Ncore_3_Online_Documentation.ppf
whxdata\toc3.js
whxdata\toc3.new.js
whxdata\toc5.js
whxdata\toc5.new.js
whxdata\toc4.js
whxdata\toc4.new.js
whxdata\toc2.js
whxdata\toc2.new.js
whxdata\toc7.js
whxdata\toc7.new.js
whxdata\toc8.js
whxdata\toc8.new.js
whxdata\toc6.js
whxdata\toc6.new.js
whxdata\toc1.js
whxdata\toc1.new.js
whxdata\toc10.js
whxdata\toc10.new.js
whxdata\toc12.js
whxdata\toc12.new.js
whxdata\toc13.js
whxdata\toc13.new.js
whxdata\toc11.js
whxdata\toc11.new.js
whxdata\toc15.js
whxdata\toc15.new.js
whxdata\toc14.js
whxdata\toc14.new.js
whxdata\toc16.js
whxdata\toc16.new.js
whxdata\toc18.js
whxdata\toc18.new.js
whxdata\toc19.js
whxdata\toc19.new.js
whxdata\toc20.js
whxdata\toc20.new.js
whxdata\toc17.js
whxdata\toc17.new.js
whxdata\toc22.js
whxdata\toc22.new.js
whxdata\toc21.js
whxdata\toc21.new.js
whxdata\toc9.js
whxdata\toc9.new.js
whxdata\toc25.js
whxdata\toc25.new.js
whxdata\toc24.js
whxdata\toc24.new.js
whxdata\toc27.js
whxdata\toc27.new.js
whxdata\toc28.js
whxdata\toc28.new.js
whxdata\toc29.js
whxdata\toc29.new.js
whxdata\toc30.js
whxdata\toc30.new.js
whxdata\toc26.js
whxdata\toc26.new.js
whxdata\toc33.js
whxdata\toc33.new.js
whxdata\toc32.js
whxdata\toc32.new.js
whxdata\toc31.js
whxdata\toc31.new.js
whxdata\toc35.js
whxdata\toc35.new.js
whxdata\toc36.js
whxdata\toc36.new.js
whxdata\toc37.js
whxdata\toc37.new.js
whxdata\toc34.js
whxdata\toc34.new.js
whxdata\toc39.js
whxdata\toc39.new.js
whxdata\toc40.js
whxdata\toc40.new.js
whxdata\toc41.js
whxdata\toc41.new.js
whxdata\toc38.js
whxdata\toc38.new.js
whxdata\toc42.js
whxdata\toc42.new.js
whxdata\toc44.js
whxdata\toc44.new.js
whxdata\toc43.js
whxdata\toc43.new.js
whxdata\toc45.js
whxdata\toc45.new.js
whxdata\toc46.js
whxdata\toc46.new.js
whxdata\toc23.js
whxdata\toc23.new.js
whxdata\toc49.js
whxdata\toc49.new.js
whxdata\toc48.js
whxdata\toc48.new.js
whxdata\toc51.js
whxdata\toc51.new.js
whxdata\toc52.js
whxdata\toc52.new.js
whxdata\toc50.js
whxdata\toc50.new.js
whxdata\toc54.js
whxdata\toc54.new.js
whxdata\toc55.js
whxdata\toc55.new.js
whxdata\toc56.js
whxdata\toc56.new.js
whxdata\toc57.js
whxdata\toc57.new.js
whxdata\toc58.js
whxdata\toc58.new.js
whxdata\toc59.js
whxdata\toc59.new.js
whxdata\toc60.js
whxdata\toc60.new.js
whxdata\toc53.js
whxdata\toc53.new.js
whxdata\toc61.js
whxdata\toc61.new.js
whxdata\toc62.js
whxdata\toc62.new.js
whxdata\toc63.js
whxdata\toc63.new.js
whxdata\toc47.js
whxdata\toc47.new.js
whxdata\toc.js
whxdata\toc.new.js
whxdata\idata1.js
whxdata\idata1.new.js
whxdata\idata2.js
whxdata\idata2.new.js
whxdata\idx.js
whxdata\idx.new.js
whxdata\gdata1.js
whxdata\gdata1.new.js
whxdata\gdata2.js
whxdata\gdata2.new.js
whxdata\glo.js
whxdata\glo.new.js
whxdata\package_0_xml.js
whxdata\package_1_xml.js
whxdata\package_2_xml.js
whxdata\package_3_xml.js
whxdata\package_4_xml.js
whxdata\package_5_xml.js
whxdata\package_6_xml.js
whxdata\package_7_xml.js
whxdata\package_8_xml.js
whxdata\package_9_xml.js
whxdata\package_10_xml.js
whxdata\package_11_xml.js
whxdata\package_12_xml.js
whxdata\package_13_xml.js
whxdata\package_14_xml.js
whxdata\package_15_xml.js
whxdata\package_16_xml.js
whxdata\package_17_xml.js
whxdata\package_18_xml.js
whxdata\package_19_xml.js
whxdata\package_20_xml.js
whxdata\package_21_xml.js
whxdata\package_22_xml.js
whxdata\package_23_xml.js
whxdata\package_24_xml.js
whxdata\package_25_xml.js
whxdata\package_26_xml.js
whxdata\package_27_xml.js
whxdata\package_28_xml.js
whxdata\package_29_xml.js
whxdata\package_30_xml.js
whxdata\package_31_xml.js
whxdata\package_32_xml.js
whxdata\package_33_xml.js
whxdata\package_34_xml.js
whxdata\package_35_xml.js
whxdata\package_36_xml.js
whxdata\package_37_xml.js
whxdata\package_38_xml.js
whxdata\package_39_xml.js
whxdata\package_40_xml.js
whxdata\package_41_xml.js
whxdata\package_42_xml.js
whxdata\package_43_xml.js
whxdata\package_44_xml.js
whxdata\packageindex_xml.js
whxdata\synonym.xml
whxdata\synonym_xml.js
whxdata\topictable_0_xml.js
whxdata\topictable_1_xml.js
whxdata\topictable_2_xml.js
whxdata\topictable_3_xml.js
whxdata\topictableindex_xml.js
whxdata\whfts.xml
whxdata\whfts_xml.js
whxdata\csh.js
whxdata\window.js
projectdata.js

template\scripts\rh.min.js
template\scripts\common.min.js
template\scripts\topic.min.js
template\scripts\constants.js
template\scripts\utils.js
template\scripts\mhutils.js
template\scripts\mhlang.js
template\scripts\mhver.js
template\scripts\settings.js
template\scripts\xmljsreader.js
template\scripts\loadparentdata.js
template\scripts\loadscreen.js
template\scripts\loadprojdata.js
template\scripts\mhtopic.js
template\styles\topic.min.css
template\scripts\layout.min.js
template\scripts\projectdata.js
template\scripts\loadcsh.js
template\scripts\showhidecontrols.js
template\scripts\pageloader.js
template\images\modal-close.png
template\images\expand.png
template\styles\layoutfix.min.css
template\styles\layout.min.css
template\scripts\mhfhost.js
template\scripts\search.js
template\resources\bsback.png
template\resources\bsnext.png
